app/build/intermediates/manifest_merge_blame_file/debug/processDebugMainManifest/manifest-merger-blame-debug-report.txt
1<?xml version="1.0" encoding="utf-8"?>
2<manifest xmlns:android="http://schemas.android.com/apk/res/android"
3    package="org.xbet.client.eg"
4    platformBuildVersionCode="37"
5    platformBuildVersionName="17"
6    android:compileSdkVersion="37"
7    android:compileSdkVersionCodename="17"
8    android:versionCode="25600003"
9    android:versionName="1xbet_eg-v256.0.3" >
10
11    <uses-sdk
11-->src\main\AndroidManifest.xml:10:5-12:40
12        android:minSdkVersion="24"
12-->src\main\AndroidManifest.xml:11:9-35
13        android:targetSdkVersion="37" />
13-->src\main\AndroidManifest.xml:12:9-38
14
15    <uses-permission android:name="android.permission.VIBRATE" />
15-->src\main\AndroidManifest.xml:13:5-65
15-->src\main\AndroidManifest.xml:13:22-63
16    <uses-permission android:name="android.permission.INTERNET" />
16-->src\main\AndroidManifest.xml:14:5-66
16-->src\main\AndroidManifest.xml:14:22-64
17    <uses-permission android:name="android.permission.ACCESS_FINE_LOCATION" />
17-->src\main\AndroidManifest.xml:15:5-78
17-->src\main\AndroidManifest.xml:15:22-76
18    <uses-permission android:name="android.permission.READ_PHONE_STATE" />
18-->src\main\AndroidManifest.xml:16:5-74
18-->src\main\AndroidManifest.xml:16:22-72
19    <uses-permission android:name="android.permission.USE_CREDENTIALS" />
19-->src\main\AndroidManifest.xml:17:5-73
19-->src\main\AndroidManifest.xml:17:22-71
20    <uses-permission android:name="android.permission.ACCESS_NETWORK_STATE" />
20-->src\main\AndroidManifest.xml:18:5-78
20-->src\main\AndroidManifest.xml:18:22-76
21    <uses-permission android:name="android.permission.ACCESS_WIFI_STATE" />
21-->src\main\AndroidManifest.xml:19:5-75
21-->src\main\AndroidManifest.xml:19:22-73
22    <uses-permission android:name="android.permission.WAKE_LOCK" />
22-->src\main\AndroidManifest.xml:20:5-67
22-->src\main\AndroidManifest.xml:20:22-65
23    <uses-permission android:name="android.permission.POST_NOTIFICATIONS" />
23-->src\main\AndroidManifest.xml:21:5-76
23-->src\main\AndroidManifest.xml:21:22-74
24    <uses-permission android:name="android.permission.WRITE_EXTERNAL_STORAGE" />
24-->src\main\AndroidManifest.xml:22:5-80
24-->src\main\AndroidManifest.xml:22:22-78
25    <uses-permission
25-->src\main\AndroidManifest.xml:23:5-25:37
26        android:name="android.permission.READ_EXTERNAL_STORAGE"
26-->src\main\AndroidManifest.xml:24:9-64
27        android:maxSdkVersion="32" />
27-->src\main\AndroidManifest.xml:25:9-35
28    <uses-permission android:name="android.permission.USE_FINGERPRINT" />
28-->src\main\AndroidManifest.xml:26:5-73
28-->src\main\AndroidManifest.xml:26:22-71
29    <uses-permission android:name="android.permission.USE_SIP" />
29-->src\main\AndroidManifest.xml:27:5-65
29-->src\main\AndroidManifest.xml:27:22-63
30    <uses-permission android:name="android.permission.RECORD_AUDIO" />
30-->src\main\AndroidManifest.xml:28:5-70
30-->src\main\AndroidManifest.xml:28:22-68
31    <uses-permission android:name="android.permission.MODIFY_AUDIO_SETTINGS" />
31-->src\main\AndroidManifest.xml:29:5-79
31-->src\main\AndroidManifest.xml:29:22-77
32    <uses-permission android:name="android.permission.SYSTEM_ALERT_WINDOW" />
32-->src\main\AndroidManifest.xml:30:5-77
32-->src\main\AndroidManifest.xml:30:22-75
33    <uses-permission android:name="android.permission.ACCESS_ALL_DOWNLOADS" />
33-->src\main\AndroidManifest.xml:31:5-78
33-->src\main\AndroidManifest.xml:31:22-76
34    <uses-permission android:name="android.permission.CAMERA" />
34-->src\main\AndroidManifest.xml:32:5-64
34-->src\main\AndroidManifest.xml:32:22-62
35    <uses-permission android:name="android.permission.ACCESS_COARSE_LOCATION" />
35-->src\main\AndroidManifest.xml:33:5-80
35-->src\main\AndroidManifest.xml:33:22-78
36    <uses-permission android:name="android.permission.FOREGROUND_SERVICE" />
36-->src\main\AndroidManifest.xml:34:5-76
36-->src\main\AndroidManifest.xml:34:22-74
37    <uses-permission android:name="com.google.android.gms.permission.AD_ID" />
37-->src\main\AndroidManifest.xml:35:5-78
37-->src\main\AndroidManifest.xml:35:22-76
38    <uses-permission android:name="android.permission.SCHEDULE_EXACT_ALARM" />
38-->src\main\AndroidManifest.xml:36:5-78
38-->src\main\AndroidManifest.xml:36:22-76
39    <uses-permission android:name="android.permission.HIGH_SAMPLING_RATE_SENSORS" />
39-->src\main\AndroidManifest.xml:37:5-84
39-->src\main\AndroidManifest.xml:37:22-82
40    <uses-permission android:name="android.permission.GET_TASKS" />
40-->src\main\AndroidManifest.xml:38:5-67
40-->src\main\AndroidManifest.xml:38:22-65
41
42    <uses-permission-sdk-23 android:name="android.permission.SYSTEM_ALERT_WINDOW" />
42-->src\main\AndroidManifest.xml:39:5-84
42-->src\main\AndroidManifest.xml:39:29-82
43    <uses-permission-sdk-23 android:name="android.permission.ACCESS_ALL_DOWNLOADS" />
43-->src\main\AndroidManifest.xml:40:5-85
43-->src\main\AndroidManifest.xml:40:29-83
44
45    <uses-feature android:name="android.hardware.camera.autofocus" />
45-->src\main\AndroidManifest.xml:41:5-69
45-->src\main\AndroidManifest.xml:41:19-67
46    <uses-feature android:name="android.hardware.camera" />
46-->src\main\AndroidManifest.xml:42:5-59
46-->src\main\AndroidManifest.xml:42:19-57
47    <uses-feature
47-->src\main\AndroidManifest.xml:43:5-45:35
48        android:name="android.software.sip"
48-->src\main\AndroidManifest.xml:44:9-44
49        android:required="false" />
49-->src\main\AndroidManifest.xml:45:9-33
50    <uses-feature
50-->src\main\AndroidManifest.xml:46:5-48:35
51        android:name="android.hardware.sip.voip"
51-->src\main\AndroidManifest.xml:47:9-49
52        android:required="false" />
52-->src\main\AndroidManifest.xml:48:9-33
53    <uses-feature
53-->src\main\AndroidManifest.xml:49:5-51:35
54        android:name="android.hardware.wifi"
54-->src\main\AndroidManifest.xml:50:9-45
55        android:required="false" />
55-->src\main\AndroidManifest.xml:51:9-33
56    <uses-feature
56-->src\main\AndroidManifest.xml:52:5-54:35
57        android:name="android.hardware.microphone"
57-->src\main\AndroidManifest.xml:53:9-51
58        android:required="false" />
58-->src\main\AndroidManifest.xml:54:9-33
59
60    <queries>
60-->src\main\AndroidManifest.xml:55:5-131:15
61        <package android:name="com.google.android.apps.authenticator2" />
61-->src\main\AndroidManifest.xml:56:9-73
61-->src\main\AndroidManifest.xml:56:18-71
62        <package android:name="com.vkontakte.android" />
62-->src\main\AndroidManifest.xml:57:9-56
62-->src\main\AndroidManifest.xml:57:18-54
63        <package android:name="ru.sberbankmobile" />
63-->src\main\AndroidManifest.xml:58:9-52
63-->src\main\AndroidManifest.xml:58:18-50
64
65        <intent>
65-->src\main\AndroidManifest.xml:59:9-61:18
66            <action android:name="android.intent.action.SEND" />
66-->src\main\AndroidManifest.xml:60:13-64
66-->src\main\AndroidManifest.xml:60:21-62
67        </intent>
68        <intent>
68-->src\main\AndroidManifest.xml:62:9-65:18
69            <action android:name="android.intent.action.VIEW" />
69-->src\main\AndroidManifest.xml:63:13-64
69-->src\main\AndroidManifest.xml:63:21-62
70
71            <data android:scheme="http" />
71-->src\main\AndroidManifest.xml:64:13-42
71-->src\main\AndroidManifest.xml:64:19-40
72        </intent>
73        <intent>
73-->src\main\AndroidManifest.xml:66:9-68:18
74            <action android:name="android.support.customtabs.action.CustomTabsService" />
74-->src\main\AndroidManifest.xml:67:13-89
74-->src\main\AndroidManifest.xml:67:21-87
75        </intent>
76        <intent>
76-->src\main\AndroidManifest.xml:69:9-71:18
77            <action android:name="android.media.action.IMAGE_CAPTURE" />
77-->src\main\AndroidManifest.xml:70:13-72
77-->src\main\AndroidManifest.xml:70:21-70
78        </intent>
79        <intent>
79-->src\main\AndroidManifest.xml:72:9-74:18
80            <action android:name="android.intent.action.GET_CONTENT" />
80-->src\main\AndroidManifest.xml:73:13-71
80-->src\main\AndroidManifest.xml:73:21-69
81        </intent>
82        <intent>
82-->src\main\AndroidManifest.xml:75:9-77:18
83            <action android:name="org.chromium.intent.action.PAY" />
83-->src\main\AndroidManifest.xml:76:13-68
83-->src\main\AndroidManifest.xml:76:21-66
84        </intent>
85        <intent>
85-->src\main\AndroidManifest.xml:78:9-80:18
86            <action android:name="org.chromium.intent.action.IS_READY_TO_PAY" />
86-->src\main\AndroidManifest.xml:79:13-80
86-->src\main\AndroidManifest.xml:79:21-78
87        </intent>
88        <intent>
88-->src\main\AndroidManifest.xml:81:9-83:18
89            <action android:name="org.chromium.intent.action.UPDATE_PAYMENT_DETAILS" />
89-->src\main\AndroidManifest.xml:82:13-87
89-->src\main\AndroidManifest.xml:82:21-85
90        </intent>
91        <intent>
91-->src\main\AndroidManifest.xml:84:9-86:18
92            <action android:name="com.huawei.hms.core.aidlservice" />
92-->src\main\AndroidManifest.xml:85:13-69
92-->src\main\AndroidManifest.xml:85:21-67
93        </intent>
94        <intent>
94-->src\main\AndroidManifest.xml:87:9-89:18
95            <action android:name="androidx.camera.extensions.action.VENDOR_ACTION" />
95-->src\main\AndroidManifest.xml:88:13-85
95-->src\main\AndroidManifest.xml:88:21-83
96        </intent>
97        <intent>
97-->src\main\AndroidManifest.xml:90:9-92:18
98            <action android:name="android.intent.action.MAIN" />
98-->src\main\AndroidManifest.xml:91:13-64
98-->src\main\AndroidManifest.xml:91:21-62
99        </intent>
100        <intent>
100-->src\main\AndroidManifest.xml:93:9-96:18
101            <action android:name="android.intent.action.VIEW" />
101-->src\main\AndroidManifest.xml:63:13-64
101-->src\main\AndroidManifest.xml:63:21-62
102
103            <data android:scheme="https" />
103-->src\main\AndroidManifest.xml:64:13-42
103-->src\main\AndroidManifest.xml:64:19-40
104        </intent>
105        <intent>
105-->src\main\AndroidManifest.xml:97:9-99:18
106            <action android:name="com.yandex.auth.action.YA_SDK_LOGIN" />
106-->src\main\AndroidManifest.xml:98:13-73
106-->src\main\AndroidManifest.xml:98:21-71
107        </intent>
108
109        <package android:name="com.yandex.browser" />
109-->src\main\AndroidManifest.xml:100:9-53
109-->src\main\AndroidManifest.xml:100:18-51
110        <package android:name="ru.yandex.searchplugin" />
110-->src\main\AndroidManifest.xml:101:9-57
110-->src\main\AndroidManifest.xml:101:18-55
111        <package android:name="com.yandex.searchapp" />
111-->src\main\AndroidManifest.xml:102:9-55
111-->src\main\AndroidManifest.xml:102:18-53
112        <package android:name="ru.yandex.taxi" />
112-->src\main\AndroidManifest.xml:103:9-49
112-->src\main\AndroidManifest.xml:103:18-47
113        <package android:name="ru.yandex.mail" />
113-->src\main\AndroidManifest.xml:104:9-49
113-->src\main\AndroidManifest.xml:104:18-47
114        <package android:name="ru.yandex.disk" />
114-->src\main\AndroidManifest.xml:105:9-49
114-->src\main\AndroidManifest.xml:105:18-47
115        <package android:name="com.yandex.bank" />
115-->src\main\AndroidManifest.xml:106:9-50
115-->src\main\AndroidManifest.xml:106:18-48
116        <package android:name="ru.yandex.key" />
116-->src\main\AndroidManifest.xml:107:9-48
116-->src\main\AndroidManifest.xml:107:18-46
117        <package android:name="ru.yandex.auth.client" />
117-->src\main\AndroidManifest.xml:108:9-56
117-->src\main\AndroidManifest.xml:108:18-54
118
119        <intent>
119-->src\main\AndroidManifest.xml:109:9-111:18
120            <action android:name="com.appsflyer.referrer.INSTALL_PROVIDER" />
120-->src\main\AndroidManifest.xml:110:13-77
120-->src\main\AndroidManifest.xml:110:21-75
121        </intent>
122
123        <package android:name="com.facebook.katana" />
123-->src\main\AndroidManifest.xml:112:9-54
123-->src\main\AndroidManifest.xml:112:18-52
124        <package android:name="com.instagram.android" />
124-->src\main\AndroidManifest.xml:113:9-56
124-->src\main\AndroidManifest.xml:113:18-54
125        <package android:name="com.facebook.lite" />
125-->src\main\AndroidManifest.xml:114:9-52
125-->src\main\AndroidManifest.xml:114:18-50
126        <package android:name="com.samsung.android.mapsagent" />
126-->src\main\AndroidManifest.xml:115:9-64
126-->src\main\AndroidManifest.xml:115:18-62
127        <package android:name="ru.ok.android" />
127-->src\main\AndroidManifest.xml:116:9-48
127-->src\main\AndroidManifest.xml:116:18-46
128
129        <intent>
129-->src\main\AndroidManifest.xml:117:9-119:18
130            <action android:name="com.vkontakte.android.action.SDK_AUTH" />
130-->src\main\AndroidManifest.xml:118:13-75
130-->src\main\AndroidManifest.xml:118:21-73
131        </intent>
132        <intent>
132-->src\main\AndroidManifest.xml:120:9-124:18
133            <action android:name="android.intent.action.VIEW" />
133-->src\main\AndroidManifest.xml:63:13-64
133-->src\main\AndroidManifest.xml:63:21-62
134
135            <category android:name="android.intent.category.BROWSABLE" />
135-->src\main\AndroidManifest.xml:122:13-73
135-->src\main\AndroidManifest.xml:122:23-71
136
137            <data android:scheme="http" />
137-->src\main\AndroidManifest.xml:64:13-42
137-->src\main\AndroidManifest.xml:64:19-40
138        </intent>
139
140        <package android:name="com.huawei.hwid" />
140-->src\main\AndroidManifest.xml:125:9-50
140-->src\main\AndroidManifest.xml:125:18-48
141        <package android:name="com.huawei.android.pushagent" />
141-->src\main\AndroidManifest.xml:126:9-63
141-->src\main\AndroidManifest.xml:126:18-61
142
143        <intent>
143-->src\main\AndroidManifest.xml:127:9-129:18
144            <action android:name="com.huawei.hms.core" />
144-->src\main\AndroidManifest.xml:128:13-57
144-->src\main\AndroidManifest.xml:128:21-55
145        </intent>
146
147        <package android:name="com.huawei.works" />
147-->src\main\AndroidManifest.xml:130:9-51
147-->src\main\AndroidManifest.xml:130:18-49
148    </queries>
149
150    <uses-permission
150-->src\main\AndroidManifest.xml:132:5-134:37
151        android:name="android.permission.FOREGROUND_SERVICE_DATA_SYNC"
151-->src\main\AndroidManifest.xml:133:9-71
152        android:minSdkVersion="34" />
152-->src\main\AndroidManifest.xml:134:9-35
153    <uses-permission android:name="android.permission.REQUEST_INSTALL_PACKAGES" />
153-->src\main\AndroidManifest.xml:135:5-82
153-->src\main\AndroidManifest.xml:135:22-80
154
155    <uses-feature android:name="android.hardware.camera.any" />
155-->src\main\AndroidManifest.xml:136:5-63
155-->src\main\AndroidManifest.xml:136:19-61
156
157    <uses-permission android:name="android.permission.READ_PRIVILEGED_PHONE_STATE" />
157-->src\main\AndroidManifest.xml:137:5-85
157-->src\main\AndroidManifest.xml:137:22-83
158    <uses-permission android:name="android.permission.USE_BIOMETRIC" />
158-->src\main\AndroidManifest.xml:138:5-71
158-->src\main\AndroidManifest.xml:138:22-69
159    <uses-permission android:name="com.google.android.providers.gsf.permission.READ_GSERVICES" />
159-->src\main\AndroidManifest.xml:139:5-97
159-->src\main\AndroidManifest.xml:139:22-95
160    <uses-permission android:name="com.google.android.c2dm.permission.RECEIVE" />
160-->src\main\AndroidManifest.xml:140:5-81
160-->src\main\AndroidManifest.xml:140:22-79
161    <uses-permission android:name="com.google.android.finsky.permission.BIND_GET_INSTALL_REFERRER_SERVICE" />
161-->src\main\AndroidManifest.xml:141:5-109
161-->src\main\AndroidManifest.xml:141:22-107
162    <uses-permission android:name="android.permission.ACCESS_ADSERVICES_ATTRIBUTION" />
162-->src\main\AndroidManifest.xml:142:5-87
162-->src\main\AndroidManifest.xml:142:22-85
163    <uses-permission android:name="android.permission.ACCESS_ADSERVICES_AD_ID" />
163-->src\main\AndroidManifest.xml:143:5-81
163-->src\main\AndroidManifest.xml:143:22-79
164    <uses-permission android:name="com.samsung.android.mapsagent.permission.READ_APP_INFO" />
164-->src\main\AndroidManifest.xml:144:5-93
164-->src\main\AndroidManifest.xml:144:22-91
165    <uses-permission android:name="com.huawei.appmarket.service.commondata.permission.GET_COMMON_DATA" />
165-->src\main\AndroidManifest.xml:145:5-105
165-->src\main\AndroidManifest.xml:145:22-103
166    <uses-permission android:name="android.permission.RECEIVE_BOOT_COMPLETED" />
166-->src\main\AndroidManifest.xml:146:5-80
166-->src\main\AndroidManifest.xml:146:22-78
167
168    <permission
168-->src\main\AndroidManifest.xml:147:5-149:46
169        android:name="org.xbet.client.eg.DYNAMIC_RECEIVER_NOT_EXPORTED_PERMISSION"
169-->src\main\AndroidManifest.xml:148:9-83
170        android:protectionLevel="signature" />
170-->src\main\AndroidManifest.xml:149:9-44
171
172    <uses-permission android:name="org.xbet.client.eg.DYNAMIC_RECEIVER_NOT_EXPORTED_PERMISSION" />
172-->src\main\AndroidManifest.xml:150:5-98
172-->src\main\AndroidManifest.xml:150:22-96
173
174    <uses-feature
174-->src\main\AndroidManifest.xml:151:5-153:35
175        android:name="android.hardware.camera.front"
175-->src\main\AndroidManifest.xml:152:9-53
176        android:required="false" />
176-->src\main\AndroidManifest.xml:153:9-33
177    <uses-feature
177-->src\main\AndroidManifest.xml:154:5-156:35
178        android:name="android.hardware.camera.flash"
178-->src\main\AndroidManifest.xml:155:9-53
179        android:required="false" />
179-->src\main\AndroidManifest.xml:156:9-33
180    <uses-feature
180-->src\main\AndroidManifest.xml:157:5-159:35
181        android:name="android.hardware.screen.landscape"
181-->src\main\AndroidManifest.xml:158:9-57
182        android:required="false" />
182-->src\main\AndroidManifest.xml:159:9-33
183
184    <permission
184-->src\main\AndroidManifest.xml:160:5-162:46
185        android:name="org.xbet.client.eg.permission.PROCESS_PUSH_MSG"
185-->src\main\AndroidManifest.xml:161:9-70
186        android:protectionLevel="signature" />
186-->src\main\AndroidManifest.xml:162:9-44
187    <permission
187-->src\main\AndroidManifest.xml:163:5-165:46
188        android:name="org.xbet.client.eg.permission.PUSH_PROVIDER"
188-->src\main\AndroidManifest.xml:164:9-67
189        android:protectionLevel="signature" />
189-->src\main\AndroidManifest.xml:165:9-44
190    <permission
190-->src\main\AndroidManifest.xml:166:5-168:46
191        android:name="org.xbet.client.eg.permission.PUSH_WRITE_PROVIDER"
191-->src\main\AndroidManifest.xml:167:9-73
192        android:protectionLevel="signature" />
192-->src\main\AndroidManifest.xml:168:9-44
193
194    <uses-permission android:name="org.xbet.client.eg.permission.PROCESS_PUSH_MSG" />
194-->src\main\AndroidManifest.xml:169:5-85
194-->src\main\AndroidManifest.xml:169:22-83
195    <uses-permission android:name="org.xbet.client.eg.permission.PUSH_PROVIDER" />
195-->src\main\AndroidManifest.xml:170:5-82
195-->src\main\AndroidManifest.xml:170:22-80
196
197    <application
197-->src\main\AndroidManifest.xml:171:5-1101:19
198        android:name="org.platform.app.ApplicationLoader"
198-->src\main\AndroidManifest.xml:175:9-58
199        android:allowBackup="false"
199-->src\main\AndroidManifest.xml:176:9-36
200        android:appComponentFactory="androidx.core.app.CoreComponentFactory"
200-->src\main\AndroidManifest.xml:185:9-77
201        android:dataExtractionRules="@xml/appsflyer_data_extraction_rules"
201-->src\main\AndroidManifest.xml:187:9-75
202        android:debuggable="true"
203        android:extractNativeLibs="true"
203-->src\main\AndroidManifest.xml:179:9-41
204        android:fullBackupContent="@xml/appsflyer_backup_rules"
204-->src\main\AndroidManifest.xml:180:9-64
205        android:icon="@mipmap/ic_launcher"
205-->src\main\AndroidManifest.xml:174:9-43
206        android:label="@string/app_name"
206-->src\main\AndroidManifest.xml:173:9-41
207        android:largeHeap="true"
207-->src\main\AndroidManifest.xml:177:9-33
208        android:networkSecurityConfig="@xml/network_security_config"
208-->src\main\AndroidManifest.xml:183:9-69
209        android:requestLegacyExternalStorage="true"
209-->src\main\AndroidManifest.xml:186:9-52
210        android:resizeableActivity="true"
210-->src\main\AndroidManifest.xml:181:9-42
211        android:roundIcon="@mipmap/ic_launcher_round"
211-->src\main\AndroidManifest.xml:184:9-54
212        android:supportsPictureInPicture="false"
212-->src\main\AndroidManifest.xml:182:9-49
213        android:supportsRtl="true"
213-->src\main\AndroidManifest.xml:178:9-35
214        android:theme="@style/AppTheme" >
214-->src\main\AndroidManifest.xml:172:9-40
215        <meta-data
215-->src\main\AndroidManifest.xml:188:9-190:53
216            android:name="com.google.firebase.messaging.default_notification_icon"
216-->src\main\AndroidManifest.xml:189:13-83
217            android:resource="@mipmap/ic_launcher" />
217-->src\main\AndroidManifest.xml:190:13-51
218        <meta-data
218-->src\main\AndroidManifest.xml:191:9-193:53
219            android:name="com.google.firebase.messaging.default_notification_color"
219-->src\main\AndroidManifest.xml:192:13-84
220            android:resource="@mipmap/ic_launcher" />
220-->src\main\AndroidManifest.xml:193:13-51
221        <meta-data
221-->src\main\AndroidManifest.xml:194:9-196:35
222            android:name="com.google.firebase.ml.vision.DEPENDENCIES"
222-->src\main\AndroidManifest.xml:195:13-70
223            android:value="face" />
223-->src\main\AndroidManifest.xml:196:13-33
224        <meta-data
224-->src\main\AndroidManifest.xml:197:9-199:36
225            android:name="push_kit_auto_init_enabled"
225-->src\main\AndroidManifest.xml:198:13-54
226            android:value="false" />
226-->src\main\AndroidManifest.xml:199:13-34
227
228        <activity
228-->src\main\AndroidManifest.xml:200:9-214:20
229            android:name="org.xplatform.client1.features.appactivity.ApplicationActivity"
229-->src\main\AndroidManifest.xml:203:13-90
230            android:configChanges="layoutDirection|screenSize|orientation|locale"
230-->src\main\AndroidManifest.xml:207:13-82
231            android:exported="true"
231-->src\main\AndroidManifest.xml:204:13-36
232            android:hardwareAccelerated="true"
232-->src\main\AndroidManifest.xml:209:13-47
233            android:icon="@mipmap/ic_launcher"
233-->src\main\AndroidManifest.xml:202:13-47
234            android:launchMode="singleTop"
234-->src\main\AndroidManifest.xml:205:13-43
235            android:roundIcon="@mipmap/ic_launcher_round"
235-->src\main\AndroidManifest.xml:210:13-58
236            android:screenOrientation="portrait"
236-->src\main\AndroidManifest.xml:206:13-49
237            android:theme="@style/AppTheme.Splash"
237-->src\main\AndroidManifest.xml:201:13-51
238            android:windowSoftInputMode="adjustPan" >
238-->src\main\AndroidManifest.xml:208:13-52
239            <property
239-->src\main\AndroidManifest.xml:211:13-213:39
240                android:name="android.window.PROPERTY_COMPAT_ALLOW_RESTRICTED_RESIZABILITY"
240-->src\main\AndroidManifest.xml:212:17-92
241                android:value="true" />
241-->src\main\AndroidManifest.xml:213:17-37
242        </activity>
243
244        <activity-alias
244-->src\main\AndroidManifest.xml:227:9-239:26
245            android:name="org.xplatform.client1.LauncherAliasColor"
245-->src\main\AndroidManifest.xml:229:13-68
246            android:enabled="true"
246-->src\main\AndroidManifest.xml:230:13-35
247            android:exported="true"
247-->src\main\AndroidManifest.xml:231:13-36
248            android:icon="@mipmap/ic_launcher"
248-->src\main\AndroidManifest.xml:228:13-47
249            android:roundIcon="@mipmap/ic_launcher_round"
249-->src\main\AndroidManifest.xml:233:13-58
250            android:targetActivity="org.xplatform.client1.features.appactivity.ApplicationActivity" >
250-->src\main\AndroidManifest.xml:232:13-100
251            <intent-filter>
251-->src\main\AndroidManifest.xml:234:13-238:29
252                <action android:name="android.intent.action.MAIN" />
252-->src\main\AndroidManifest.xml:91:13-64
252-->src\main\AndroidManifest.xml:91:21-62
253
254                <category android:name="android.intent.category.DEFAULT" />
254-->src\main\AndroidManifest.xml:236:17-75
254-->src\main\AndroidManifest.xml:236:27-73
255                <category android:name="android.intent.category.LAUNCHER" />
255-->src\main\AndroidManifest.xml:224:17-76
255-->src\main\AndroidManifest.xml:224:27-74
256            </intent-filter>
257        </activity-alias>
258        <activity-alias
258-->src\main\AndroidManifest.xml:215:9-226:26
259            android:name="org.xplatform.client1.LauncherAliasLegacy"
259-->src\main\AndroidManifest.xml:217:13-69
260            android:enabled="false"
260-->src\main\AndroidManifest.xml:218:13-36
261            android:exported="true"
261-->src\main\AndroidManifest.xml:219:13-36
262            android:icon="@mipmap/ic_launcher_legacy"
262-->src\main\AndroidManifest.xml:216:13-54
263            android:roundIcon="@mipmap/ic_launcher_legacy_round"
263-->src\main\AndroidManifest.xml:221:13-65
264            android:targetActivity="org.xplatform.client1.features.appactivity.ApplicationActivity" >
264-->src\main\AndroidManifest.xml:220:13-100
265            <intent-filter>
265-->src\main\AndroidManifest.xml:222:13-225:29
266                <action android:name="android.intent.action.MAIN" />
266-->src\main\AndroidManifest.xml:91:13-64
266-->src\main\AndroidManifest.xml:91:21-62
267
268                <category android:name="android.intent.category.LAUNCHER" />
268-->src\main\AndroidManifest.xml:224:17-76
268-->src\main\AndroidManifest.xml:224:27-74
269            </intent-filter>
270        </activity-alias>
271
272        <activity
272-->src\main\AndroidManifest.xml:240:9-285:20
273            android:name="org.xplatform.client1.features.appactivity.IntentForwardingActivity"
273-->src\main\AndroidManifest.xml:242:13-95
274            android:exported="true"
274-->src\main\AndroidManifest.xml:243:13-36
275            android:noHistory="true"
275-->src\main\AndroidManifest.xml:244:13-37
276            android:theme="@style/AppTheme.Transparent" >
276-->src\main\AndroidManifest.xml:241:13-56
277            <intent-filter android:autoVerify="true" >
277-->src\main\AndroidManifest.xml:245:13-253:29
277-->src\main\AndroidManifest.xml:245:28-53
278                <action android:name="android.intent.action.VIEW" />
278-->src\main\AndroidManifest.xml:63:13-64
278-->src\main\AndroidManifest.xml:63:21-62
279
280                <category android:name="android.intent.category.DEFAULT" />
280-->src\main\AndroidManifest.xml:236:17-75
280-->src\main\AndroidManifest.xml:236:27-73
281                <category android:name="android.intent.category.BROWSABLE" />
281-->src\main\AndroidManifest.xml:122:13-73
281-->src\main\AndroidManifest.xml:122:23-71
282
283                <data
283-->src\main\AndroidManifest.xml:64:13-42
284                    android:host="@string/domain"
284-->src\main\AndroidManifest.xml:251:21-50
285                    android:pathPrefix="/line"
285-->src\main\AndroidManifest.xml:252:21-47
286                    android:scheme="https" />
286-->src\main\AndroidManifest.xml:64:19-40
287            </intent-filter>
288            <intent-filter android:autoVerify="true" >
288-->src\main\AndroidManifest.xml:254:13-262:29
288-->src\main\AndroidManifest.xml:254:28-53
289                <action android:name="android.intent.action.VIEW" />
289-->src\main\AndroidManifest.xml:63:13-64
289-->src\main\AndroidManifest.xml:63:21-62
290
291                <category android:name="android.intent.category.DEFAULT" />
291-->src\main\AndroidManifest.xml:236:17-75
291-->src\main\AndroidManifest.xml:236:27-73
292                <category android:name="android.intent.category.BROWSABLE" />
292-->src\main\AndroidManifest.xml:122:13-73
292-->src\main\AndroidManifest.xml:122:23-71
293
294                <data
294-->src\main\AndroidManifest.xml:64:13-42
295                    android:host="@string/domain"
295-->src\main\AndroidManifest.xml:251:21-50
296                    android:pathPrefix="/live"
296-->src\main\AndroidManifest.xml:252:21-47
297                    android:scheme="https" />
297-->src\main\AndroidManifest.xml:64:19-40
298            </intent-filter>
299            <intent-filter android:autoVerify="true" >
299-->src\main\AndroidManifest.xml:263:13-270:29
299-->src\main\AndroidManifest.xml:263:28-53
300                <action android:name="android.intent.action.VIEW" />
300-->src\main\AndroidManifest.xml:63:13-64
300-->src\main\AndroidManifest.xml:63:21-62
301
302                <category android:name="android.intent.category.DEFAULT" />
302-->src\main\AndroidManifest.xml:236:17-75
302-->src\main\AndroidManifest.xml:236:27-73
303                <category android:name="android.intent.category.BROWSABLE" />
303-->src\main\AndroidManifest.xml:122:13-73
303-->src\main\AndroidManifest.xml:122:23-71
304
305                <data
305-->src\main\AndroidManifest.xml:64:13-42
306                    android:host="@string/appsflyer_host"
306-->src\main\AndroidManifest.xml:251:21-50
307                    android:scheme="https" />
307-->src\main\AndroidManifest.xml:64:19-40
308            </intent-filter>
309            <intent-filter>
309-->src\main\AndroidManifest.xml:271:13-284:29
310                <action android:name="android.intent.action.VIEW" />
310-->src\main\AndroidManifest.xml:63:13-64
310-->src\main\AndroidManifest.xml:63:21-62
311
312                <category android:name="android.intent.category.DEFAULT" />
312-->src\main\AndroidManifest.xml:236:17-75
312-->src\main\AndroidManifest.xml:236:27-73
313                <category android:name="android.intent.category.BROWSABLE" />
313-->src\main\AndroidManifest.xml:122:13-73
313-->src\main\AndroidManifest.xml:122:23-71
314
315                <data
315-->src\main\AndroidManifest.xml:64:13-42
316                    android:host="openapp"